<?xml version="1.0" encoding="UTF-8"?>
<!-- Generated by org.testng.reporters.JUnitReportReporter -->
<testsuite skipped="2" hostname="LAPTOP-0QUJ47N9" name="org.testng.MainClass" tests="4" failures="0" timestamp="10 Nov 2021 16:20:49 GMT" time="4.266" errors="0">
  <testcase name="launchBrowser" time="3.011" classname="org.testng.MainClass"/>
  <testcase name="launchUrl" time="1.255" classname="org.testng.MainClass"/>
  <testcase name="enterUsername" classname="org.testng.MainClass">
    <skipped/>
  </testcase> <!-- enterUsername -->
  <testcase name="enterPassword" classname="org.testng.MainClass">
    <skipped/>
  </testcase> <!-- enterPassword -->
</testsuite> <!-- org.testng.MainClass -->
